2022/06/22 05:39:49 [error] [exception.CDbException] SQLSTATE[HY000] [1045] Access denied for user 'root'@'localhost' (using password: NO)
2022/06/22 05:39:49 [error] [exception.CDbException] CDbException: CDbConnection failed to open the DB connection. in D:\xampp\htdocs\yii-framework1.1.23\db\CDbConnection.php:405
Stack trace:
#0 D:\xampp\htdocs\yii-framework1.1.23\db\CDbConnection.php(347): CDbConnection->open()
#1 D:\xampp\htdocs\yii-framework1.1.23\db\CDbConnection.php(325): CDbConnection->setActive(true)
#2 D:\xampp\htdocs\yii-framework1.1.23\base\CModule.php(394): CDbConnection->init()
#3 D:\xampp\htdocs\yii-framework1.1.23\base\CApplication.php(459): CModule->getComponent('db')
#4 D:\xampp\htdocs\yii-framework1.1.23\db\ar\CActiveRecord.php(639): CApplication->getDb()
#5 D:\xampp\htdocs\yii-framework1.1.23\db\ar\CActiveRecord.php(672): CActiveRecord->getDbConnection()
#6 D:\xampp\htdocs\yii-framework1.1.23\db\ar\CActiveRecord.php(1477): CActiveRecord->getCommandBuilder()
#7 D:\xampp\htdocs\teaching\20202\marta\protected\views\site\index.php(7): CActiveRecord->findAll()
#8 D:\xampp\htdocs\yii-framework1.1.23\web\CBaseController.php(126): require('D:\\xampp\\htdocs...')
#9 D:\xampp\htdocs\yii-framework1.1.23\web\CBaseController.php(95): CBaseController->renderInternal('D:\\xampp\\htdocs...', NULL, true)
#10 D:\xampp\htdocs\yii-framework1.1.23\web\CController.php(872): CBaseController->renderFile('D:\\xampp\\htdocs...', NULL, true)
#11 D:\xampp\htdocs\yii-framework1.1.23\web\CController.php(785): CController->renderPartial('index', NULL, true)
#12 D:\xampp\htdocs\teaching\20202\marta\protected\controllers\SiteController.php(32): CController->render('index')
#13 D:\xampp\htdocs\yii-framework1.1.23\web\actions\CInlineAction.php(49): SiteController->actionIndex()
#14 D:\xampp\htdocs\yii-framework1.1.23\web\CController.php(308): CInlineAction->runWithParams(Array)
#15 D:\xampp\htdocs\yii-framework1.1.23\web\CController.php(286): CController->runAction(Object(CInlineAction))
#16 D:\xampp\htdocs\yii-framework1.1.23\web\CController.php(265): CController->runActionWithFilters(Object(CInlineAction), Array)
#17 D:\xampp\htdocs\yii-framework1.1.23\web\CWebApplication.php(282): CController->run('')
#18 D:\xampp\htdocs\yii-framework1.1.23\web\CWebApplication.php(141): CWebApplication->runController('')
#19 D:\xampp\htdocs\yii-framework1.1.23\base\CApplication.php(185): CWebApplication->processRequest()
#20 D:\xampp\htdocs\teaching\20202\marta\index.php(13): CApplication->run()
#21 {main}
REQUEST_URI=/teaching/20202/marta/
HTTP_REFERER=http://localhost/teaching/20202/
---
2022/06/22 05:40:57 [error] [exception.CDbException] SQLSTATE[HY000] [1045] Access denied for user 'root'@'localhost' (using password: NO)
2022/06/22 05:40:57 [error] [exception.CDbException] CDbException: CDbConnection failed to open the DB connection. in D:\xampp\htdocs\yii-framework1.1.23\db\CDbConnection.php:405
Stack trace:
#0 D:\xampp\htdocs\yii-framework1.1.23\db\CDbConnection.php(347): CDbConnection->open()
#1 D:\xampp\htdocs\yii-framework1.1.23\db\CDbConnection.php(325): CDbConnection->setActive(true)
#2 D:\xampp\htdocs\yii-framework1.1.23\base\CModule.php(394): CDbConnection->init()
#3 D:\xampp\htdocs\yii-framework1.1.23\base\CApplication.php(459): CModule->getComponent('db')
#4 D:\xampp\htdocs\yii-framework1.1.23\db\ar\CActiveRecord.php(639): CApplication->getDb()
#5 D:\xampp\htdocs\yii-framework1.1.23\db\ar\CActiveRecord.php(672): CActiveRecord->getDbConnection()
#6 D:\xampp\htdocs\yii-framework1.1.23\db\ar\CActiveRecord.php(1477): CActiveRecord->getCommandBuilder()
#7 D:\xampp\htdocs\teaching\20202\marta\protected\views\site\index.php(7): CActiveRecord->findAll()
#8 D:\xampp\htdocs\yii-framework1.1.23\web\CBaseController.php(126): require('D:\\xampp\\htdocs...')
#9 D:\xampp\htdocs\yii-framework1.1.23\web\CBaseController.php(95): CBaseController->renderInternal('D:\\xampp\\htdocs...', NULL, true)
#10 D:\xampp\htdocs\yii-framework1.1.23\web\CController.php(872): CBaseController->renderFile('D:\\xampp\\htdocs...', NULL, true)
#11 D:\xampp\htdocs\yii-framework1.1.23\web\CController.php(785): CController->renderPartial('index', NULL, true)
#12 D:\xampp\htdocs\teaching\20202\marta\protected\controllers\SiteController.php(32): CController->render('index')
#13 D:\xampp\htdocs\yii-framework1.1.23\web\actions\CInlineAction.php(49): SiteController->actionIndex()
#14 D:\xampp\htdocs\yii-framework1.1.23\web\CController.php(308): CInlineAction->runWithParams(Array)
#15 D:\xampp\htdocs\yii-framework1.1.23\web\CController.php(286): CController->runAction(Object(CInlineAction))
#16 D:\xampp\htdocs\yii-framework1.1.23\web\CController.php(265): CController->runActionWithFilters(Object(CInlineAction), Array)
#17 D:\xampp\htdocs\yii-framework1.1.23\web\CWebApplication.php(282): CController->run('')
#18 D:\xampp\htdocs\yii-framework1.1.23\web\CWebApplication.php(141): CWebApplication->runController('')
#19 D:\xampp\htdocs\yii-framework1.1.23\base\CApplication.php(185): CWebApplication->processRequest()
#20 D:\xampp\htdocs\teaching\20202\marta\index.php(13): CApplication->run()
#21 {main}
REQUEST_URI=/teaching/20202/marta/
HTTP_REFERER=http://localhost/teaching/20202/
---
2022/06/22 05:41:08 [error] [php] Trying to get property 'userId' of non-object (D:\xampp\htdocs\teaching\20202\marta\protected\controllers\SiteController.php:79)
Stack trace:
#0 D:\xampp\htdocs\yii-framework1.1.23\web\actions\CInlineAction.php(47): CInlineAction->runWithParamsInternal()
#1 D:\xampp\htdocs\yii-framework1.1.23\web\CController.php(308): CInlineAction->runWithParams()
#2 D:\xampp\htdocs\yii-framework1.1.23\web\CController.php(286): SiteController->runAction()
#3 D:\xampp\htdocs\yii-framework1.1.23\web\CController.php(265): SiteController->runActionWithFilters()
#4 D:\xampp\htdocs\yii-framework1.1.23\web\CWebApplication.php(282): SiteController->run()
#5 D:\xampp\htdocs\yii-framework1.1.23\web\CWebApplication.php(141): CWebApplication->runController()
#6 D:\xampp\htdocs\yii-framework1.1.23\base\CApplication.php(185): CWebApplication->processRequest()
#7 D:\xampp\htdocs\teaching\20202\marta\index.php(13): CWebApplication->run()
REQUEST_URI=/teaching/20202/marta/index.php?r=site/pesan&id=14
2022/06/22 05:43:40 [error] [exception.Exception] Exception: Midtrans API is returning API error. HTTP status code: 400 API response: {"error_messages":["item_details Quantity harus sama atau lebih besar dari 1","item_details Quantity harus sama atau lebih besar dari 1","item_details Quantity harus sama atau lebih besar dari 1","transaction_details.gross_amount harus sama atau lebih besar dari 0.01","transaction_details.gross_amount is not equal to the sum of item_details"]} in D:\xampp\htdocs\joinaflorist\protected\extensions\midtrans\Midtrans\ApiRequestor.php:149
Stack trace:
#0 D:\xampp\htdocs\joinaflorist\protected\extensions\midtrans\Midtrans\ApiRequestor.php(40): Midtrans\ApiRequestor::remoteCall('https://app.san...', 'SB-Mid-server-W...', Array, true)
#1 D:\xampp\htdocs\joinaflorist\protected\extensions\midtrans\Midtrans\Snap.php(111): Midtrans\ApiRequestor::post('https://app.san...', 'SB-Mid-server-W...', Array)
#2 D:\xampp\htdocs\joinaflorist\protected\extensions\midtrans\Midtrans\Snap.php(36): Midtrans\Snap::createTransaction(Array)
#3 D:\xampp\htdocs\joinaflorist\protected\controllers\TransaksiController.php(135): Midtrans\Snap::getSnapToken(Array)
#4 D:\xampp\htdocs\yii-framework1.1.23\web\actions\CInlineAction.php(49): TransaksiController->actionPesan()
#5 D:\xampp\htdocs\yii-framework1.1.23\web\CController.php(308): CInlineAction->runWithParams(Array)
#6 D:\xampp\htdocs\yii-framework1.1.23\web\CController.php(286): CController->runAction(Object(CInlineAction))
#7 D:\xampp\htdocs\yii-framework1.1.23\web\CController.php(265): CController->runActionWithFilters(Object(CInlineAction), Array)
#8 D:\xampp\htdocs\yii-framework1.1.23\web\CWebApplication.php(282): CController->run('pesan')
#9 D:\xampp\htdocs\yii-framework1.1.23\web\CWebApplication.php(141): CWebApplication->runController('transaksi/pesan')
#10 D:\xampp\htdocs\yii-framework1.1.23\base\CApplication.php(185): CWebApplication->processRequest()
#11 D:\xampp\htdocs\joinaflorist\index.php(13): CApplication->run()
#12 {main}
REQUEST_URI=/joinaflorist/index.php?r=transaksi/pesan
HTTP_REFERER=https://localhost/joinaflorist/index.php?r=transaksi/index
---
2022/07/10 13:52:30 [error] [php] Trying to get property 'userId' of non-object (D:\xampp\htdocs\joinaflorist\protected\controllers\SiteController.php:79)
Stack trace:
#0 D:\xampp\htdocs\yii-framework1.1.23\web\actions\CInlineAction.php(47): CInlineAction->runWithParamsInternal()
#1 D:\xampp\htdocs\yii-framework1.1.23\web\CController.php(308): CInlineAction->runWithParams()
#2 D:\xampp\htdocs\yii-framework1.1.23\web\CController.php(286): SiteController->runAction()
#3 D:\xampp\htdocs\yii-framework1.1.23\web\CController.php(265): SiteController->runActionWithFilters()
#4 D:\xampp\htdocs\yii-framework1.1.23\web\CWebApplication.php(282): SiteController->run()
#5 D:\xampp\htdocs\yii-framework1.1.23\web\CWebApplication.php(141): CWebApplication->runController()
#6 D:\xampp\htdocs\yii-framework1.1.23\base\CApplication.php(185): CWebApplication->processRequest()
#7 D:\xampp\htdocs\joinaflorist\index.php(13): CWebApplication->run()
REQUEST_URI=/joinaflorist/index.php?r=site/pesan&id=1
2022/07/10 14:41:20 [error] [php] Trying to get property 'userId' of non-object (D:\xampp\htdocs\joinaflorist\protected\controllers\SiteController.php:79)
Stack trace:
#0 D:\xampp\htdocs\yii-framework1.1.23\web\actions\CInlineAction.php(47): CInlineAction->runWithParamsInternal()
#1 D:\xampp\htdocs\yii-framework1.1.23\web\CController.php(308): CInlineAction->runWithParams()
#2 D:\xampp\htdocs\yii-framework1.1.23\web\CController.php(286): SiteController->runAction()
#3 D:\xampp\htdocs\yii-framework1.1.23\web\CController.php(265): SiteController->runActionWithFilters()
#4 D:\xampp\htdocs\yii-framework1.1.23\web\CWebApplication.php(282): SiteController->run()
#5 D:\xampp\htdocs\yii-framework1.1.23\web\CWebApplication.php(141): CWebApplication->runController()
#6 D:\xampp\htdocs\yii-framework1.1.23\base\CApplication.php(185): CWebApplication->processRequest()
#7 D:\xampp\htdocs\joinaflorist\index.php(13): CWebApplication->run()
REQUEST_URI=/joinaflorist/index.php?r=site/pesan&id=1
2022/07/10 14:41:34 [error] [exception.Exception] Exception: The ServerKey/ClientKey is null, You need to set the server-key from Config. Please double-check Config and ServerKey key. You can check from the Midtrans Dashboard. See https://docs.midtrans.com/en/midtrans-account/overview?id=retrieving-api-access-keys for the details or contact support at support@midtrans.com if you have any questions. in D:\xampp\htdocs\joinaflorist\protected\extensions\midtrans\Midtrans\ApiRequestor.php:58
Stack trace:
#0 D:\xampp\htdocs\joinaflorist\protected\extensions\midtrans\Midtrans\ApiRequestor.php(40): Midtrans\ApiRequestor::remoteCall('https://app.san...', NULL, Array, true)
#1 D:\xampp\htdocs\joinaflorist\protected\extensions\midtrans\Midtrans\Snap.php(111): Midtrans\ApiRequestor::post('https://app.san...', NULL, Array)
#2 D:\xampp\htdocs\joinaflorist\protected\extensions\midtrans\Midtrans\Snap.php(36): Midtrans\Snap::createTransaction(Array)
#3 D:\xampp\htdocs\joinaflorist\protected\controllers\SiteController.php(93): Midtrans\Snap::getSnapToken(Array)
#4 [internal function]: SiteController->actionPesan('1')
#5 D:\xampp\htdocs\yii-framework1.1.23\web\actions\CAction.php(115): ReflectionMethod->invokeArgs(Object(SiteController), Array)
#6 D:\xampp\htdocs\yii-framework1.1.23\web\actions\CInlineAction.php(47): CAction->runWithParamsInternal(Object(SiteController), Object(ReflectionMethod), Array)
#7 D:\xampp\htdocs\yii-framework1.1.23\web\CController.php(308): CInlineAction->runWithParams(Array)
#8 D:\xampp\htdocs\yii-framework1.1.23\web\CController.php(286): CController->runAction(Object(CInlineAction))
#9 D:\xampp\htdocs\yii-framework1.1.23\web\CController.php(265): CController->runActionWithFilters(Object(CInlineAction), Array)
#10 D:\xampp\htdocs\yii-framework1.1.23\web\CWebApplication.php(282): CController->run('pesan')
#11 D:\xampp\htdocs\yii-framework1.1.23\web\CWebApplication.php(141): CWebApplication->runController('site/pesan')
#12 D:\xampp\htdocs\yii-framework1.1.23\base\CApplication.php(185): CWebApplication->processRequest()
#13 D:\xampp\htdocs\joinaflorist\index.php(13): CApplication->run()
#14 {main}
REQUEST_URI=/joinaflorist/index.php?r=site/pesan&id=1
HTTP_REFERER=https://localhost/joinaflorist/index.php
---
2022/07/10 14:41:48 [error] [exception.Exception] Exception: The ServerKey/ClientKey is null, You need to set the server-key from Config. Please double-check Config and ServerKey key. You can check from the Midtrans Dashboard. See https://docs.midtrans.com/en/midtrans-account/overview?id=retrieving-api-access-keys for the details or contact support at support@midtrans.com if you have any questions. in D:\xampp\htdocs\joinaflorist\protected\extensions\midtrans\Midtrans\ApiRequestor.php:58
Stack trace:
#0 D:\xampp\htdocs\joinaflorist\protected\extensions\midtrans\Midtrans\ApiRequestor.php(40): Midtrans\ApiRequestor::remoteCall('https://app.san...', NULL, Array, true)
#1 D:\xampp\htdocs\joinaflorist\protected\extensions\midtrans\Midtrans\Snap.php(111): Midtrans\ApiRequestor::post('https://app.san...', NULL, Array)
#2 D:\xampp\htdocs\joinaflorist\protected\extensions\midtrans\Midtrans\Snap.php(36): Midtrans\Snap::createTransaction(Array)
#3 D:\xampp\htdocs\joinaflorist\protected\controllers\SiteController.php(93): Midtrans\Snap::getSnapToken(Array)
#4 [internal function]: SiteController->actionPesan('1')
#5 D:\xampp\htdocs\yii-framework1.1.23\web\actions\CAction.php(115): ReflectionMethod->invokeArgs(Object(SiteController), Array)
#6 D:\xampp\htdocs\yii-framework1.1.23\web\actions\CInlineAction.php(47): CAction->runWithParamsInternal(Object(SiteController), Object(ReflectionMethod), Array)
#7 D:\xampp\htdocs\yii-framework1.1.23\web\CController.php(308): CInlineAction->runWithParams(Array)
#8 D:\xampp\htdocs\yii-framework1.1.23\web\CController.php(286): CController->runAction(Object(CInlineAction))
#9 D:\xampp\htdocs\yii-framework1.1.23\web\CController.php(265): CController->runActionWithFilters(Object(CInlineAction), Array)
#10 D:\xampp\htdocs\yii-framework1.1.23\web\CWebApplication.php(282): CController->run('pesan')
#11 D:\xampp\htdocs\yii-framework1.1.23\web\CWebApplication.php(141): CWebApplication->runController('site/pesan')
#12 D:\xampp\htdocs\yii-framework1.1.23\base\CApplication.php(185): CWebApplication->processRequest()
#13 D:\xampp\htdocs\joinaflorist\index.php(13): CApplication->run()
#14 {main}
REQUEST_URI=/joinaflorist/index.php?r=site/pesan&id=1
HTTP_REFERER=https://localhost/joinaflorist/index.php
---
2022/07/10 14:42:21 [error] [exception.Exception] Exception: The ServerKey/ClientKey is null, You need to set the server-key from Config. Please double-check Config and ServerKey key. You can check from the Midtrans Dashboard. See https://docs.midtrans.com/en/midtrans-account/overview?id=retrieving-api-access-keys for the details or contact support at support@midtrans.com if you have any questions. in D:\xampp\htdocs\joinaflorist\protected\extensions\midtrans\Midtrans\ApiRequestor.php:58
Stack trace:
#0 D:\xampp\htdocs\joinaflorist\protected\extensions\midtrans\Midtrans\ApiRequestor.php(40): Midtrans\ApiRequestor::remoteCall('https://app.san...', NULL, Array, true)
#1 D:\xampp\htdocs\joinaflorist\protected\extensions\midtrans\Midtrans\Snap.php(111): Midtrans\ApiRequestor::post('https://app.san...', NULL, Array)
#2 D:\xampp\htdocs\joinaflorist\protected\extensions\midtrans\Midtrans\Snap.php(36): Midtrans\Snap::createTransaction(Array)
#3 D:\xampp\htdocs\joinaflorist\protected\controllers\SiteController.php(94): Midtrans\Snap::getSnapToken(Array)
#4 [internal function]: SiteController->actionPesan('14')
#5 D:\xampp\htdocs\yii-framework1.1.23\web\actions\CAction.php(115): ReflectionMethod->invokeArgs(Object(SiteController), Array)
#6 D:\xampp\htdocs\yii-framework1.1.23\web\actions\CInlineAction.php(47): CAction->runWithParamsInternal(Object(SiteController), Object(ReflectionMethod), Array)
#7 D:\xampp\htdocs\yii-framework1.1.23\web\CController.php(308): CInlineAction->runWithParams(Array)
#8 D:\xampp\htdocs\yii-framework1.1.23\web\CController.php(286): CController->runAction(Object(CInlineAction))
#9 D:\xampp\htdocs\yii-framework1.1.23\web\CController.php(265): CController->runActionWithFilters(Object(CInlineAction), Array)
#10 D:\xampp\htdocs\yii-framework1.1.23\web\CWebApplication.php(282): CController->run('pesan')
#11 D:\xampp\htdocs\yii-framework1.1.23\web\CWebApplication.php(141): CWebApplication->runController('site/pesan')
#12 D:\xampp\htdocs\yii-framework1.1.23\base\CApplication.php(185): CWebApplication->processRequest()
#13 D:\xampp\htdocs\joinaflorist\index.php(13): CApplication->run()
#14 {main}
REQUEST_URI=/joinaflorist/index.php?r=site/pesan&id=14
HTTP_REFERER=https://localhost/joinaflorist/index.php
---
